#
# There is insufficient memory for the Java Runtime Environment to continue.
# Native memory allocation (mmap) failed to map 134217728 bytes for G1 virtual space
# Possible reasons:
#   The system is out of physical RAM or swap space
#   The process is running with CompressedOops enabled, and the Java Heap may be blocking the growth of the native heap
# Possible solutions:
#   Reduce memory load on the system
#   Increase physical memory or swap space
#   Check if swap backing store is full
#   Decrease Java heap size (-Xmx/-Xms)
#   Decrease number of Java threads
#   Decrease Java thread stack sizes (-Xss)
#   Set larger code cache with -XX:ReservedCodeCacheSize=
#   JVM is running with Unscaled Compressed Oops mode in which the Java heap is
#     placed in the first 4GB address space. The Java Heap base address is the
#     maximum limit for the native heap growth. Please use -XX:HeapBaseMinAddress
#     to set the Java Heap base and to place the Java Heap above 4GB virtual address.
# This output file may be truncated or incomplete.
#
#  Out of Memory Error (os_windows.cpp:3769), pid=26412, tid=23760
#
# JRE version:  (17.0.6+10) (build )
# Java VM: OpenJDK 64-Bit Server VM (17.0.6+10-b829.9, mixed mode, sharing, tiered, compressed oops, compressed class ptrs, g1 gc, windows-amd64)
# No core dump will be written. Minidumps are not enabled by default on client versions of Windows
#

---------------  S U M M A R Y ------------

Command Line: git4idea.http.GitAskPassApp Username for 'https://github.com': 

Host: Intel(R) Core(TM) i7-5600U CPU @ 2.60GHz, 4 cores, 7G,  Windows 10 , 64 bit Build 19041 (10.0.19041.3636)
Time: Fri Mar  1 00:50:04 2024 FLE Standard Time elapsed time: 0.106394 seconds (0d 0h 0m 0s)

---------------  T H R E A D  ---------------

Current thread (0x000001981d475d10):  JavaThread "Unknown thread" [_thread_in_vm, id=23760, stack(0x0000003936200000,0x0000003936300000)]

Stack: [0x0000003936200000,0x0000003936300000]
Native frames: (J=compiled Java code, j=interpreted, Vv=VM code, C=native code)
V  [jvm.dll+0x683c5a]
V  [jvm.dll+0x842764]
V  [jvm.dll+0x843f5e]
V  [jvm.dll+0x8445c3]
V  [jvm.dll+0x249b75]
V  [jvm.dll+0x680b29]
V  [jvm.dll+0x67501a]
V  [jvm.dll+0x309acb]
V  [jvm.dll+0x310f86]
V  [jvm.dll+0x3608ee]
V  [jvm.dll+0x360b1f]
V  [jvm.dll+0x2dfbf8]
V  [jvm.dll+0x2e0b64]
V  [jvm.dll+0x814051]
V  [jvm.dll+0x36e6a1]
V  [jvm.dll+0x7f358c]
V  [jvm.dll+0x3f0e8f]
V  [jvm.dll+0x3f29d1]
C  [jli.dll+0x526b]
C  [ucrtbase.dll+0x21bb2]
C  [KERNEL32.DLL+0x17344]
C  [ntdll.dll+0x526b1]


---------------  P R O C E S S  ---------------

Threads class SMR info:
_java_thread_list=0x00007ffb3516c058, length=0, elements={
}

Java Threads: ( => current thread )

Other Threads:
  0x000001981d4cf150 GCTaskThread "GC Thread#0" [stack: 0x0000003936300000,0x0000003936400000] [id=13792]
  0x000001981d4e0bf0 ConcurrentGCThread "G1 Main Marker" [stack: 0x0000003936400000,0x0000003936500000] [id=7636]
  0x000001981d4e2080 ConcurrentGCThread "G1 Conc#0" [stack: 0x0000003936500000,0x0000003936600000] [id=22044]

[error occurred during error reporting (printing all threads), id 0xc0000005, EXCEPTION_ACCESS_VIOLATION (0xc0000005) at pc=0x00007ffb34920797]

VM state: not at safepoint (not fully initialized)

VM Mutex/Monitor currently owned by a thread:  ([mutex/lock_event])
[0x000001981d471a80] Heap_lock - owner thread: 0x000001981d475d10

Heap address: 0x0000000081e00000, size: 2018 MB, Compressed Oops mode: 32-bit

CDS archive(s) mapped at: [0x0000000000000000-0x0000000000000000-0x0000000000000000), size 0, SharedBaseAddress: 0x0000000800000000, ArchiveRelocationMode: 0.
Narrow klass base: 0x0000000000000000, Narrow klass shift: 0, Narrow klass range: 0x0

GC Precious Log:
<Empty>

Heap:
 garbage-first heap   total 0K, used 0K [0x0000000081e00000, 0x0000000100000000)
  region size 1024K, 0 young (0K), 0 survivors (0K)

[error occurred during error reporting (printing heap information), id 0xc0000005, EXCEPTION_ACCESS_VIOLATION (0xc0000005) at pc=0x00007ffb34d0da49]

GC Heap History (0 events):
No events

Dll operation events (1 events):
Event: 0.057 Loaded shared library C:\Program Files\JetBrains\IntelliJ IDEA 2023.1.2\jbr\bin\java.dll

Deoptimization events (0 events):
No events

Classes unloaded (0 events):
No events

Classes redefined (0 events):
No events

Internal exceptions (0 events):
No events

VM Operations (0 events):
No events

Events (0 events):
No events


Dynamic libraries:
0x00007ff7df830000 - 0x00007ff7df83a000 	C:\Program Files\JetBrains\IntelliJ IDEA 2023.1.2\jbr\bin\java.exe
0x00007ffb71770000 - 0x00007ffb71968000 	C:\WINDOWS\SYSTEM32\ntdll.dll
0x00007ffb6faf0000 - 0x00007ffb6fbad000 	C:\WINDOWS\System32\KERNEL32.DLL
0x00007ffb6eff0000 - 0x00007ffb6f2e6000 	C:\WINDOWS\System32\KERNELBASE.dll
0x00007ffb6f390000 - 0x00007ffb6f490000 	C:\WINDOWS\System32\ucrtbase.dll
0x00007ffb61fe0000 - 0x00007ffb61ff7000 	C:\Program Files\JetBrains\IntelliJ IDEA 2023.1.2\jbr\bin\jli.dll
0x00007ffb56fb0000 - 0x00007ffb56fcb000 	C:\Program Files\JetBrains\IntelliJ IDEA 2023.1.2\jbr\bin\VCRUNTIME140.dll
0x00007ffb70e00000 - 0x00007ffb70f9e000 	C:\WINDOWS\System32\USER32.dll
0x00007ffb6f360000 - 0x00007ffb6f382000 	C:\WINDOWS\System32\win32u.dll
0x00007ffb70600000 - 0x00007ffb7062b000 	C:\WINDOWS\System32\GDI32.dll
0x00007ffb6eed0000 - 0x00007ffb6efe7000 	C:\WINDOWS\System32\gdi32full.dll
0x00007ffb59850000 - 0x00007ffb59aea000 	C:\WINDOWS\WinSxS\amd64_microsoft.windows.common-controls_6595b64144ccf1df_6.0.19041.3636_none_60b6a03d71f818d5\COMCTL32.dll
0x00007ffb6ee30000 - 0x00007ffb6eecd000 	C:\WINDOWS\System32\msvcp_win.dll
0x00007ffb6fa30000 - 0x00007ffb6face000 	C:\WINDOWS\System32\msvcrt.dll
0x00007ffb6fe40000 - 0x00007ffb6fe72000 	C:\WINDOWS\System32\IMM32.DLL
0x00000000567b0000 - 0x00000000567bc000 	C:\Program Files (x86)\360\Total Security\safemon\SafeWrapper.dll
0x00007ffb6fe80000 - 0x00007ffb6ff33000 	C:\WINDOWS\System32\ADVAPI32.dll
0x00007ffb71560000 - 0x00007ffb715ff000 	C:\WINDOWS\System32\sechost.dll
0x00007ffb70310000 - 0x00007ffb70436000 	C:\WINDOWS\System32\RPCRT4.dll
0x00007ffb6f6a0000 - 0x00007ffb6f6c7000 	C:\WINDOWS\System32\bcrypt.dll
0x00007ffb37240000 - 0x00007ffb372d2000 	C:\Program Files (x86)\360\Total Security\safemon\libzdtp64.dll
0x00007ffb706b0000 - 0x00007ffb70df5000 	C:\WINDOWS\System32\SHELL32.dll
0x00007ffb6ff50000 - 0x00007ffb6ffa5000 	C:\WINDOWS\System32\SHLWAPI.dll
0x00007ffb6e8a0000 - 0x00007ffb6e8aa000 	C:\WINDOWS\SYSTEM32\VERSION.dll
0x00007ffb66520000 - 0x00007ffb6652c000 	C:\Program Files\JetBrains\IntelliJ IDEA 2023.1.2\jbr\bin\vcruntime140_1.dll
0x00007ffb36bd0000 - 0x00007ffb36c5d000 	C:\Program Files\JetBrains\IntelliJ IDEA 2023.1.2\jbr\bin\msvcp140.dll
0x00007ffb34630000 - 0x00007ffb3529e000 	C:\Program Files\JetBrains\IntelliJ IDEA 2023.1.2\jbr\bin\server\jvm.dll
0x00007ffb68930000 - 0x00007ffb68957000 	C:\WINDOWS\SYSTEM32\WINMM.dll
0x00007ffb69f90000 - 0x00007ffb69f99000 	C:\WINDOWS\SYSTEM32\WSOCK32.dll
0x00007ffb70fa0000 - 0x00007ffb7100b000 	C:\WINDOWS\System32\ws2_32.DLL
0x00007ffb6ce10000 - 0x00007ffb6ce22000 	C:\WINDOWS\SYSTEM32\kernel.appcore.dll
0x00007ffb69ab0000 - 0x00007ffb69aba000 	C:\Program Files\JetBrains\IntelliJ IDEA 2023.1.2\jbr\bin\jimage.dll
0x00007ffb5b230000 - 0x00007ffb5b414000 	C:\WINDOWS\SYSTEM32\DBGHELP.DLL
0x00007ffb5af00000 - 0x00007ffb5af34000 	C:\WINDOWS\SYSTEM32\dbgcore.DLL
0x00007ffb6f720000 - 0x00007ffb6f7a2000 	C:\WINDOWS\System32\bcryptPrimitives.dll
0x00007ffb63820000 - 0x00007ffb63845000 	C:\Program Files\JetBrains\IntelliJ IDEA 2023.1.2\jbr\bin\java.dll

dbghelp: loaded successfully - version: 4.0.5 - missing functions: none
symbol engine: initialized successfully - sym options: 0x614 - pdb path: .;C:\Program Files\JetBrains\IntelliJ IDEA 2023.1.2\jbr\bin;C:\WINDOWS\SYSTEM32;C:\WINDOWS\WinSxS\amd64_microsoft.windows.common-controls_6595b64144ccf1df_6.0.19041.3636_none_60b6a03d71f818d5;C:\Program Files (x86)\360\Total Security\safemon;C:\Program Files\JetBrains\IntelliJ IDEA 2023.1.2\jbr\bin\server

VM Arguments:
java_command: git4idea.http.GitAskPassApp Username for 'https://github.com': 
java_class_path (initial): C:/Program Files/JetBrains/IntelliJ IDEA 2023.1.2/plugins/vcs-git/lib/git4idea-rt.jar;C:/Program Files/JetBrains/IntelliJ IDEA 2023.1.2/lib/externalProcess-rt.jar
Launcher Type: SUN_STANDARD

[Global flags]
     intx CICompilerCount                          = 3                                         {product} {ergonomic}
     uint ConcGCThreads                            = 1                                         {product} {ergonomic}
     uint G1ConcRefinementThreads                  = 4                                         {product} {ergonomic}
   size_t G1HeapRegionSize                         = 1048576                                   {product} {ergonomic}
    uintx GCDrainStackTargetSize                   = 64                                        {product} {ergonomic}
   size_t InitialHeapSize                          = 134217728                                 {product} {ergonomic}
   size_t MarkStackSize                            = 4194304                                   {product} {ergonomic}
   size_t MaxHeapSize                              = 2116026368                                {product} {ergonomic}
   size_t MinHeapDeltaBytes                        = 1048576                                   {product} {ergonomic}
   size_t MinHeapSize                              = 8388608                                   {product} {ergonomic}
    uintx NonNMethodCodeHeapSize                   = 5832780                                {pd product} {ergonomic}
    uintx NonProfiledCodeHeapSize                  = 122912730                              {pd product} {ergonomic}
    uintx ProfiledCodeHeapSize                     = 122912730                              {pd product} {ergonomic}
    uintx ReservedCodeCacheSize                    = 251658240                              {pd product} {ergonomic}
     bool SegmentedCodeCache                       = true                                      {product} {ergonomic}
   size_t SoftMaxHeapSize                          = 2116026368                             {manageable} {ergonomic}
     bool UseCompressedClassPointers               = true                           {product lp64_product} {ergonomic}
     bool UseCompressedOops                        = true                           {product lp64_product} {ergonomic}
     bool UseG1GC                                  = true                                      {product} {ergonomic}
     bool UseLargePagesIndividualAllocation        = false                                  {pd product} {ergonomic}

Logging:
Log output configuration:
 #0: stdout all=warning uptime,level,tags
 #1: stderr all=off uptime,level,tags

Environment Variables:
PATH=C:\Program Files\Git\mingw64\libexec\git-core;C:\Program Files\Git\mingw64\libexec\git-core;C:\Program Files\Git\mingw64\bin;C:\Program Files\Git\usr\bin;C:\Users\Dessy\bin;C:\Program Files\apache-maven-3.9.6\bin;C:\Program Files\Eclipse Adoptium\jdk-17.0.5.8-hotspot\bin;C:\WINDOWS\system32;C:\WINDOWS;C:\WINDOWS\System32\Wbem;C:\WINDOWS\System32\WindowsPowerShell\v1.0;C:\msys64\mingw64\bin;C:\WINDOWS\System32\OpenSSH;C:\Program Files\Git\cmd;C:\Program Files\Amazon\AWSCLIV2;C:\Program Files\Amazon\AWSCLI\bin;C:\Program Files\Docker\Docker\resources\bin;C:\Program Files\MySQL\MySQL Shell 8.0\bin;C:\Users\Dessy\AppData\Local\Microsoft\WindowsApps;C:\Users\Dessy\AppData\Local\Programs\Microsoft VS Code\bin;C:\Program Files\JetBrains\IntelliJ IDEA Community Edition 2022.2.3\bin
USERNAME=Dessy
DISPLAY=:0.0
LC_ALL=en_US.UTF-8
TERM=xterm-256color
TMPDIR=C:\Users\Dessy\AppData\Local\Temp
OS=Windows_NT
PROCESSOR_IDENTIFIER=Intel64 Family 6 Model 61 Stepping 4, GenuineIntel
TMP=C:\Users\Dessy\AppData\Local\Temp
TEMP=C:\Users\Dessy\AppData\Local\Temp


JNI global refs:

[error occurred during error reporting (JNI global references), id 0xc0000005, EXCEPTION_ACCESS_VIOLATION (0xc0000005) at pc=0x00007ffb346e7a10]


---------------  S Y S T E M  ---------------

OS:
 Windows 10 , 64 bit Build 19041 (10.0.19041.3636)
OS uptime: 7 days 11:57 hours
Hyper-V role detected

CPU: total 4 (initial active 4) (2 cores per cpu, 2 threads per core) family 6 model 61 stepping 4 microcode 0x2d, cx8, cmov, fxsr, ht, mmx, 3dnowpref, sse, sse2, sse3, ssse3, sse4.1, sse4.2, popcnt, lzcnt, tsc, tscinvbit, avx, avx2, aes, erms, clmul, bmi1, bmi2, rtm, adx, fma, vzeroupper, clflush, hv

Memory: 4k page, system-wide physical 8066M (824M free)
TotalPageFile size 18065M (AvailPageFile size 114M)
current process WorkingSet (physical memory assigned to process): 11M, peak: 11M
current process commit charge ("private bytes"): 52M, peak: 180M

vm_info: OpenJDK 64-Bit Server VM (17.0.6+10-b829.9) for windows-amd64 JRE (17.0.6+10-b829.9), built on 2023-04-09 by "builduser" with MS VC++ 16.10 / 16.11 (VS2019)

END.
